<?xml version="1.0" encoding="UTF-8"?>
<testng-results ignored="0" total="1" passed="1" failed="0" skipped="0">
  <reporter-output>
  </reporter-output>
  <suite started-at="2020-10-15T17:16:59 IST" name="myProject" finished-at="2020-10-15T17:17:14 IST" duration-ms="15385">
    <groups>
    </groups>
    <test started-at="2020-10-15T17:16:59 IST" name="Login Test" finished-at="2020-10-15T17:17:14 IST" duration-ms="15385">
      <class name="com.testCases.testCases">
        <test-method is-config="true" signature="setup(java.lang.String)[pri:0, instance:com.testCases.testCases@503d687a]" started-at="2020-10-15T17:16:59 IST" name="setup" finished-at="2020-10-15T17:17:11 IST" duration-ms="12055" status="PASS">
          <params>
            <param index="0">
              <value>
                <![CDATA[chrome]]>
              </value>
            </param>
          </params>
          <reporter-output>
          </reporter-output>
        </test-method> <!-- setup -->
        <test-method signature="LoginTest()[pri:0, instance:com.testCases.testCases@503d687a]" started-at="2020-10-15T17:17:11 IST" name="LoginTest" finished-at="2020-10-15T17:17:13 IST" duration-ms="2257" status="PASS">
          <reporter-output>
          </reporter-output>
        </test-method> <!-- LoginTest -->
        <test-method is-config="true" signature="tearDown()[pri:0, instance:com.testCases.testCases@503d687a]" started-at="2020-10-15T17:17:13 IST" name="tearDown" finished-at="2020-10-15T17:17:14 IST" duration-ms="1004" status="PASS">
          <reporter-output>
          </reporter-output>
        </test-method> <!-- tearDown -->
      </class> <!-- com.testCases.testCases -->
    </test> <!-- Login Test -->
  </suite> <!-- myProject -->
</testng-results>
